<?xml version="1.0" encoding="UTF-8"?>
<!-- Generated by org.testng.reporters.JUnitReportReporter -->
<testsuite hostname="ATMECSINLT-044" failures="0" tests="1" name="com.atmecs.PracticeJenkins.testscripts.PracticeJenkinsTestcase" time="0.115" errors="0" timestamp="18 Nov 2019 09:55:26 GMT" skipped="0">
  <testcase classname="com.atmecs.PracticeJenkins.testscripts.PracticeJenkinsTestcase" name="testcase1" time="0.115"/>
</testsuite> <!-- com.atmecs.PracticeJenkins.testscripts.PracticeJenkinsTestcase -->
